======  START test file 1.php  ======
PHPUnit 3.7.38 by Sebastian Bergmann.

.

Time: 65 ms, Memory: 3.00Mb

OK (1 test, 5 assertions)
================ END =================
 
 
======  START test file 2.php  ======
PHPUnit 3.7.38 by Sebastian Bergmann.

...

Time: 68 ms, Memory: 3.00Mb

OK (3 tests, 5 assertions)
================ END =================
 
 
======  START test file 3.php  ======
PHPUnit 3.7.38 by Sebastian Bergmann.

FS

Time: 63 ms, Memory: 2.75Mb

There was 1 failure:

1) DependencyFailureTest::testOne
Failed asserting that false is true.

/home/user10/public_html/php/task12/tests/3.php:6

FAILURES!
Tests: 1, Assertions: 1, Failures: 1, Skipped: 1.
================ END =================
 
 
======  START test file 4.php  ======
PHPUnit 3.7.38 by Sebastian Bergmann.

...

Time: 68 ms, Memory: 3.00Mb

OK (3 tests, 3 assertions)
================ END =================
 
 
======  START test file 5.php  ======
PHPUnit 3.7.38 by Sebastian Bergmann.

...F

Time: 69 ms, Memory: 3.00Mb

There was 1 failure:

1) DataTest::testAdd with data set #3 (1, 1, 3)
Failed asserting that 2 matches expected 3.

/home/user10/public_html/php/task12/tests/5.php:9

FAILURES!
Tests: 4, Assertions: 4, Failures: 1.
================ END =================
 
 
======  START test file 6.php  ======

Warning: require(CsvFileIterator.php): failed to open stream: No such file or directory in /home/user10/public_html/php/task12/tests/6.php on line 2

Call Stack:
    0.0375     524496   1. {main}() /home/user10/public_html/php/task12/phpunit-3.7.phar:0
    0.0397     736664   2. PHPUnit_TextUI_Command::main() /home/user10/public_html/php/task12/phpunit-3.7.phar:619
    0.0397     737288   3. PHPUnit_TextUI_Command->run() phar:///home/user10/public_html/php/task12/phpunit-3.7.phar/phpunit/TextUI/Command.php:129
    0.0431     983760   4. PHPUnit_Runner_BaseTestRunner->getTest() phar:///home/user10/public_html/php/task12/phpunit-3.7.phar/phpunit/TextUI/Command.php:150
    0.0431     983832   5. PHPUnit_Runner_BaseTestRunner->loadSuiteClass() phar:///home/user10/public_html/php/task12/phpunit-3.7.phar/phpunit/Runner/BaseTestRunner.php:104
    0.0435    1007464   6. PHPUnit_Runner_StandardTestSuiteLoader->load() phar:///home/user10/public_html/php/task12/phpunit-3.7.phar/phpunit/Runner/BaseTestRunner.php:168
    0.0444    1093976   7. PHPUnit_Util_Fileloader::checkAndLoad() phar:///home/user10/public_html/php/task12/phpunit-3.7.phar/phpunit/Runner/StandardTestSuiteLoader.php:77
    0.0444    1094144   8. PHPUnit_Util_Fileloader::load() phar:///home/user10/public_html/php/task12/phpunit-3.7.phar/phpunit/Util/Fileloader.php:76
    0.0445    1099392   9. include_once('/home/user10/public_html/php/task12/tests/6.php') phar:///home/user10/public_html/php/task12/phpunit-3.7.phar/phpunit/Util/Fileloader.php:92


Fatal error: require(): Failed opening required 'CsvFileIterator.php' (include_path='.:/services/php-5.6.30/lib/php') in /home/user10/public_html/php/task12/tests/6.php on line 2

Call Stack:
    0.0375     524496   1. {main}() /home/user10/public_html/php/task12/phpunit-3.7.phar:0
    0.0397     736664   2. PHPUnit_TextUI_Command::main() /home/user10/public_html/php/task12/phpunit-3.7.phar:619
    0.0397     737288   3. PHPUnit_TextUI_Command->run() phar:///home/user10/public_html/php/task12/phpunit-3.7.phar/phpunit/TextUI/Command.php:129
    0.0431     983760   4. PHPUnit_Runner_BaseTestRunner->getTest() phar:///home/user10/public_html/php/task12/phpunit-3.7.phar/phpunit/TextUI/Command.php:150
    0.0431     983832   5. PHPUnit_Runner_BaseTestRunner->loadSuiteClass() phar:///home/user10/public_html/php/task12/phpunit-3.7.phar/phpunit/Runner/BaseTestRunner.php:104
    0.0435    1007464   6. PHPUnit_Runner_StandardTestSuiteLoader->load() phar:///home/user10/public_html/php/task12/phpunit-3.7.phar/phpunit/Runner/BaseTestRunner.php:168
    0.0444    1093976   7. PHPUnit_Util_Fileloader::checkAndLoad() phar:///home/user10/public_html/php/task12/phpunit-3.7.phar/phpunit/Runner/StandardTestSuiteLoader.php:77
    0.0444    1094144   8. PHPUnit_Util_Fileloader::load() phar:///home/user10/public_html/php/task12/phpunit-3.7.phar/phpunit/Util/Fileloader.php:76
    0.0445    1099392   9. include_once('/home/user10/public_html/php/task12/tests/6.php') phar:///home/user10/public_html/php/task12/phpunit-3.7.phar/phpunit/Util/Fileloader.php:92
================ END =================
 
 
======  START test file 7.php  ======
PHPUnit 3.7.38 by Sebastian Bergmann.

Class './tests/7' could not be found in '/home/user10/public_html/php/task12/tests/7.php'.
================ END =================
 
 
======  START test file 8.php  ======
PHPUnit 3.7.38 by Sebastian Bergmann.

...F

Time: 72 ms, Memory: 3.00Mb

There was 1 failure:

1) DependencyAndDataProviderComboTest::testConsumer with data set #1 ('provider2')
Failed asserting that two arrays are equal.
--- Expected
+++ Actual
@@ @@
 Array (
-    0 => 'provider1'
+    0 => 'provider2'
     1 => 'first'
     2 => 'second'
 )

/home/user10/public_html/php/task12/tests/8.php:31

FAILURES!
Tests: 4, Assertions: 4, Failures: 1.
================ END =================
 
 
======  START test file 9.php  ======
PHPUnit 3.7.38 by Sebastian Bergmann.

F

Time: 63 ms, Memory: 2.75Mb

There was 1 failure:

1) ExceptionTest::testException
Failed asserting that exception of type "InvalidArgumentException" is thrown.


FAILURES!
Tests: 1, Assertions: 1, Failures: 1.
================ END =================
 
 
======  START test file 10.php  ======
PHPUnit 3.7.38 by Sebastian Bergmann.

FF

Time: 68 ms, Memory: 3.00Mb

There were 2 failures:

1) ExceptionTest::testExceptionHasRightMessage
Failed asserting that exception message 'Some Message' contains 'Right Message'.


2) ExceptionTest::testExceptionHasRightCode
Failed asserting that 10 is equal to expected exception code 20.


FAILURES!
Tests: 2, Assertions: 4, Failures: 2.
================ END =================
 
 
======  START test file 11.php  ======
PHPUnit 3.7.38 by Sebastian Bergmann.

FFF

Time: 66 ms, Memory: 3.00Mb

There were 3 failures:

1) ExceptionTest::testException
Failed asserting that exception of type "InvalidArgumentException" is thrown.


2) ExceptionTest::testExceptionHasRightMessage
Failed asserting that exception message 'Some Message' contains 'Right Message'.


3) ExceptionTest::testExceptionHasRightCode
Failed asserting that 10 is equal to expected exception code 20.


FAILURES!
Tests: 3, Assertions: 6, Failures: 3.
================ END =================
 
 
======  START test file 12.php  ======
PHPUnit 3.7.38 by Sebastian Bergmann.

F

Time: 65 ms, Memory: 2.75Mb

There was 1 failure:

1) ExceptionTest::testException
An expected exception has not been raised.

/home/user10/public_html/php/task12/tests/12.php:12

FAILURES!
Tests: 1, Assertions: 0, Failures: 1.
================ END =================
 
 
======  START test file 13.php  ======
PHPUnit 3.7.38 by Sebastian Bergmann.

.

Time: 62 ms, Memory: 2.75Mb

OK (1 test, 1 assertion)
================ END =================
 
 
======  START test file 14.php  ======
PHPUnit 3.7.38 by Sebastian Bergmann.

.

Time: 62 ms, Memory: 2.75Mb

OK (1 test, 1 assertion)
================ END =================
 
 
======  START test file 15.php  ======
PHPUnit 3.7.38 by Sebastian Bergmann.

.F

Time: 68 ms, Memory: 3.00Mb

There was 1 failure:

1) OutputTest::testExpectBarActualBaz
Failed asserting that two strings are equal.
--- Expected
+++ Actual
@@ @@
-'bar'
+'baz'


FAILURES!
Tests: 2, Assertions: 2, Failures: 1.
================ END =================
 
 
======  START test file 16.php  ======
PHPUnit 3.7.38 by Sebastian Bergmann.

F

Time: 63 ms, Memory: 2.75Mb

There was 1 failure:

1) ArrayHasKeyTest::testFailure
Failed asserting that an array has the key 'foo'.

/home/user10/public_html/php/task12/tests/16.php:6

FAILURES!
Tests: 1, Assertions: 1, Failures: 1.
================ END =================
 
 
======  START test file 17.php  ======
PHPUnit 3.7.38 by Sebastian Bergmann.

F

Time: 62 ms, Memory: 2.75Mb

There was 1 failure:

1) ClassHasAttributeTest::testFailure
Failed asserting that class "stdClass" has attribute "foo".

/home/user10/public_html/php/task12/tests/17.php:6

FAILURES!
Tests: 1, Assertions: 1, Failures: 1.
================ END =================
 
 
======  START test file 18.php  ======
PHPUnit 3.7.38 by Sebastian Bergmann.

F

Time: 69 ms, Memory: 2.75Mb

There was 1 failure:

1) ClassHasStaticAttributeTest::testFailure
Failed asserting that class "stdClass" has static attribute "foo".

/home/user10/public_html/php/task12/tests/18.php:6

FAILURES!
Tests: 1, Assertions: 1, Failures: 1.
================ END =================
 
 
======  START test file 19.php  ======
PHPUnit 3.7.38 by Sebastian Bergmann.

F

Time: 63 ms, Memory: 2.75Mb

There was 1 failure:

1) ContainsTest::testFailure
Failed asserting that an array contains 4.

/home/user10/public_html/php/task12/tests/19.php:6

FAILURES!
Tests: 1, Assertions: 1, Failures: 1.
================ END =================
 
 
======  START test file 20.php  ======
PHPUnit 3.7.38 by Sebastian Bergmann.

F

Time: 62 ms, Memory: 2.75Mb

There was 1 failure:

1) ContainsTest::testFailure
Failed asserting that 'foobar' contains "baz".

/home/user10/public_html/php/task12/tests/20.php:6

FAILURES!
Tests: 1, Assertions: 1, Failures: 1.
================ END =================
 
 
======  START test file 21.php  ======
PHPUnit 3.7.38 by Sebastian Bergmann.

F.

Time: 71 ms, Memory: 2.75Mb

There was 1 failure:

1) ContainsTest::testFailure
Failed asserting that 'FooBar' contains "foo".

/home/user10/public_html/php/task12/tests/21.php:6

FAILURES!
Tests: 2, Assertions: 2, Failures: 1.
================ END =================
 
 
======  START test file 22.php  ======
PHPUnit 3.7.38 by Sebastian Bergmann.

F

Time: 63 ms, Memory: 2.75Mb

There was 1 failure:

1) ContainsOnlyTest::testFailure
Failed asserting that Array (
    0 => '1'
    1 => '2'
    2 => 3
) contains only values of type "string".

/home/user10/public_html/php/task12/tests/22.php:6

FAILURES!
Tests: 1, Assertions: 1, Failures: 1.
================ END =================
 
 
======  START test file 23.php  ======
PHPUnit 3.7.38 by Sebastian Bergmann.


Fatal error: Class 'Foo' not found in /home/user10/public_html/php/task12/tests/23.php on line 6

Call Stack:
    0.0305     524496   1. {main}() /home/user10/public_html/php/task12/phpunit-3.7.phar:0
    0.0327     736664   2. PHPUnit_TextUI_Command::main() /home/user10/public_html/php/task12/phpunit-3.7.phar:619
    0.0327     737288   3. PHPUnit_TextUI_Command->run() phar:///home/user10/public_html/php/task12/phpunit-3.7.phar/phpunit/TextUI/Command.php:129
    0.0535    2132112   4. PHPUnit_TextUI_TestRunner->doRun() phar:///home/user10/public_html/php/task12/phpunit-3.7.phar/phpunit/TextUI/Command.php:176
    0.0570    2422808   5. PHPUnit_Framework_TestSuite->run() phar:///home/user10/public_html/php/task12/phpunit-3.7.phar/phpunit/TextUI/TestRunner.php:350
    0.0571    2423944   6. PHPUnit_Framework_TestSuite->runTest() phar:///home/user10/public_html/php/task12/phpunit-3.7.phar/phpunit/Framework/TestSuite.php:749
    0.0571    2424624   7. PHPUnit_Framework_TestCase->run() phar:///home/user10/public_html/php/task12/phpunit-3.7.phar/phpunit/Framework/TestSuite.php:779
    0.0572    2426096   8. PHPUnit_Framework_TestResult->run() phar:///home/user10/public_html/php/task12/phpunit-3.7.phar/phpunit/Framework/TestCase.php:783
    0.0581    2483816   9. PHPUnit_Framework_TestCase->runBare() phar:///home/user10/public_html/php/task12/phpunit-3.7.phar/phpunit/Framework/TestResult.php:648
    0.0596    2604400  10. PHPUnit_Framework_TestCase->runTest() phar:///home/user10/public_html/php/task12/phpunit-3.7.phar/phpunit/Framework/TestCase.php:838
    0.0596    2605192  11. ReflectionMethod->invokeArgs() phar:///home/user10/public_html/php/task12/phpunit-3.7.phar/phpunit/Framework/TestCase.php:988
    0.0596    2605280  12. ContainsOnlyInstancesOfTest->testFailure() phar:///home/user10/public_html/php/task12/phpunit-3.7.phar/phpunit/Framework/TestCase.php:988
================ END =================
 
 
======  START test file 24.php  ======
PHPUnit 3.7.38 by Sebastian Bergmann.

F

Time: 62 ms, Memory: 2.75Mb

There was 1 failure:

1) CountTest::testFailure
Failed asserting that actual size 1 matches expected size 0.

/home/user10/public_html/php/task12/tests/24.php:6

FAILURES!
Tests: 1, Assertions: 1, Failures: 1.
================ END =================
 
 
======  START test file 25.php  ======
PHPUnit 3.7.38 by Sebastian Bergmann.

F

Time: 63 ms, Memory: 2.75Mb

There was 1 failure:

1) EmptyTest::testFailure
Failed asserting that an array is empty.

/home/user10/public_html/php/task12/tests/25.php:6

FAILURES!
Tests: 1, Assertions: 1, Failures: 1.
================ END =================
 
 
======  START test file 26.php  ======
PHPUnit 3.7.38 by Sebastian Bergmann.

FFFF

Time: 76 ms, Memory: 3.50Mb

There were 4 failures:

1) EqualXMLStructureTest::testFailureWithDifferentNodeNames
Failed asserting that two strings are equal.
--- Expected
+++ Actual
@@ @@
-'foo'
+'bar'

/home/user10/public_html/php/task12/tests/26.php:9

2) EqualXMLStructureTest::testFailureWithDifferentNodeAttributes
Number of attributes on node "foo" does not match
Failed asserting that 0 matches expected 1.

/home/user10/public_html/php/task12/tests/26.php:22

3) EqualXMLStructureTest::testFailureWithDifferentChildrenCount
Number of child nodes of "foo" differs
Failed asserting that 1 matches expected 3.

/home/user10/public_html/php/task12/tests/26.php:35

4) EqualXMLStructureTest::testFailureWithDifferentChildren
Failed asserting that two strings are equal.
--- Expected
+++ Actual
@@ @@
-'bar'
+'baz'

/home/user10/public_html/php/task12/tests/26.php:48

FAILURES!
Tests: 4, Assertions: 8, Failures: 4.
================ END =================
 
 
======  START test file 27.php  ======
PHPUnit 3.7.38 by Sebastian Bergmann.

FFF

Time: 73 ms, Memory: 3.00Mb

There were 3 failures:

1) EqualsTest::testFailure
Failed asserting that 0 matches expected 1.

/home/user10/public_html/php/task12/tests/27.php:6

2) EqualsTest::testFailure2
Failed asserting that two strings are equal.
--- Expected
+++ Actual
@@ @@
-'bar'
+'baz'

/home/user10/public_html/php/task12/tests/27.php:11

3) EqualsTest::testFailure3
Failed asserting that two strings are equal.
--- Expected
+++ Actual
@@ @@
 'foo
-bar
+bah
 baz
 '

/home/user10/public_html/php/task12/tests/27.php:16

FAILURES!
Tests: 3, Assertions: 3, Failures: 3.
================ END =================
 
 
======  START test file 28.php  ======
PHPUnit 3.7.38 by Sebastian Bergmann.

.F

Time: 67 ms, Memory: 3.00Mb

There was 1 failure:

1) EqualsTest::testFailure
Failed asserting that 1.1 matches expected 1.0.

/home/user10/public_html/php/task12/tests/28.php:11

FAILURES!
Tests: 2, Assertions: 2, Failures: 1.
================ END =================
 
 
======  START test file 29.php  ======
PHPUnit 3.7.38 by Sebastian Bergmann.

F

Time: 67 ms, Memory: 3.00Mb

There was 1 failure:

1) EqualsTest::testFailure
Failed asserting that two DOM documents are equal.
--- Expected
+++ Actual
@@ @@
 <?xml version="1.0"?>
-<foo>
-  <bar/>
-</foo>
+<bar>
+  <foo/>
+</bar>

/home/user10/public_html/php/task12/tests/29.php:12

FAILURES!
Tests: 1, Assertions: 1, Failures: 1.
================ END =================
 
 
======  START test file 30.php  ======
PHPUnit 3.7.38 by Sebastian Bergmann.

F

Time: 66 ms, Memory: 3.00Mb

There was 1 failure:

1) EqualsTest::testFailure
Failed asserting that two objects are equal.
--- Expected
+++ Actual
@@ @@
 stdClass Object (
-    'foo' => 'foo'
-    'bar' => 'bar'
+    'foo' => 'bar'
+    'baz' => 'bar'
 )

/home/user10/public_html/php/task12/tests/30.php:14

FAILURES!
Tests: 1, Assertions: 1, Failures: 1.
================ END =================
 
 
======  START test file 31.php  ======
PHPUnit 3.7.38 by Sebastian Bergmann.

F

Time: 66 ms, Memory: 3.25Mb

There was 1 failure:

1) EqualsTest::testFailure
Failed asserting that two arrays are equal.
--- Expected
+++ Actual
@@ @@
 Array (
     0 => 'a'
-    1 => 'b'
-    2 => 'c'
+    1 => 'c'
+    2 => 'd'
 )

/home/user10/public_html/php/task12/tests/31.php:6

FAILURES!
Tests: 1, Assertions: 1, Failures: 1.
================ END =================
 
 
======  START test file 32.php  ======
PHPUnit 3.7.38 by Sebastian Bergmann.

F

Time: 65 ms, Memory: 2.75Mb

There was 1 failure:

1) FalseTest::testFailure
Failed asserting that true is false.

/home/user10/public_html/php/task12/tests/32.php:6

FAILURES!
Tests: 1, Assertions: 1, Failures: 1.
================ END =================
 
 
======  START test file 33.php  ======
PHPUnit 3.7.38 by Sebastian Bergmann.

F

Time: 62 ms, Memory: 2.75Mb

There was 1 failure:

1) FileEqualsTest::testFailure
Failed asserting that file "/home/sb/expected" exists.

/home/user10/public_html/php/task12/tests/33.php:6

FAILURES!
Tests: 1, Assertions: 1, Failures: 1.
================ END =================
 
 
======  START test file 34.php  ======
PHPUnit 3.7.38 by Sebastian Bergmann.

F

Time: 62 ms, Memory: 2.75Mb

There was 1 failure:

1) FileExistsTest::testFailure
Failed asserting that file "/path/to/file" exists.

/home/user10/public_html/php/task12/tests/34.php:6

FAILURES!
Tests: 1, Assertions: 1, Failures: 1.
================ END =================
 
 
======  START test file 35.php  ======
PHPUnit 3.7.38 by Sebastian Bergmann.

F

Time: 64 ms, Memory: 2.75Mb

There was 1 failure:

1) GreaterThanTest::testFailure
Failed asserting that 1 is greater than 2.

/home/user10/public_html/php/task12/tests/35.php:6

FAILURES!
Tests: 1, Assertions: 1, Failures: 1.
================ END =================
 
 
======  START test file 36.php  ======
PHPUnit 3.7.38 by Sebastian Bergmann.

F

Time: 67 ms, Memory: 3.00Mb

There was 1 failure:

1) GreatThanOrEqualTest::testFailure
Failed asserting that 1 is equal to 2 or is greater than 2.

/home/user10/public_html/php/task12/tests/36.php:6

FAILURES!
Tests: 1, Assertions: 2, Failures: 1.
================ END =================
 
 
======  START test file 37.php  ======
PHPUnit 3.7.38 by Sebastian Bergmann.

F

Time: 64 ms, Memory: 2.75Mb

There was 1 failure:

1) InstanceOfTest::testFailure
Failed asserting that Exception Object (...) is an instance of class "RuntimeException".

/home/user10/public_html/php/task12/tests/37.php:6

FAILURES!
Tests: 1, Assertions: 1, Failures: 1.
================ END =================
 
 
======  START test file 38.php  ======
PHPUnit 3.7.38 by Sebastian Bergmann.

F

Time: 63 ms, Memory: 2.75Mb

There was 1 failure:

1) InternalTypeTest::testFailure
Failed asserting that 42 is of type "string".

/home/user10/public_html/php/task12/tests/38.php:6

FAILURES!
Tests: 1, Assertions: 1, Failures: 1.
================ END =================
 
 
======  START test file 39.php  ======
PHPUnit 3.7.38 by Sebastian Bergmann.

F

Time: 63 ms, Memory: 2.75Mb

There was 1 failure:

1) JsonFileEqualsJsonFileTest::testFailure
Failed asserting that file "path/to/fixture/file" exists.

/home/user10/public_html/php/task12/tests/39.php:7

FAILURES!
Tests: 1, Assertions: 1, Failures: 1.
================ END =================
 
 
======  START test file 40.php  ======
PHPUnit 3.7.38 by Sebastian Bergmann.

F

Time: 62 ms, Memory: 2.75Mb

There was 1 failure:

1) JsonStringEqualsJsonFileTest::testFailure
Failed asserting that file "path/to/fixture/file" exists.

/home/user10/public_html/php/task12/tests/40.php:8

FAILURES!
Tests: 1, Assertions: 1, Failures: 1.
================ END =================
 
 
======  START test file 41.php  ======
PHPUnit 3.7.38 by Sebastian Bergmann.

F

Time: 66 ms, Memory: 3.25Mb

There was 1 failure:

1) JsonStringEqualsJsonStringTest::testFailure
Failed asserting that two objects are equal.
--- Expected
+++ Actual
@@ @@
 stdClass Object (
-    'Mascot' => 'Tux'
+    'Mascott' => 'ux'
 )

/home/user10/public_html/php/task12/tests/41.php:8

FAILURES!
Tests: 1, Assertions: 3, Failures: 1.
================ END =================
 
 
======  START test file 42.php  ======
PHPUnit 3.7.38 by Sebastian Bergmann.

F

Time: 63 ms, Memory: 2.75Mb

There was 1 failure:

1) LessThanTest::testFailure
Failed asserting that 2 is less than 1.

/home/user10/public_html/php/task12/tests/42.php:6

FAILURES!
Tests: 1, Assertions: 1, Failures: 1.
================ END =================
 
 
======  START test file 43.php  ======
PHPUnit 3.7.38 by Sebastian Bergmann.

F

Time: 66 ms, Memory: 3.00Mb

There was 1 failure:

1) LessThanOrEqualTest::testFailure
Failed asserting that 2 is equal to 1 or is less than 1.

/home/user10/public_html/php/task12/tests/43.php:6

FAILURES!
Tests: 1, Assertions: 2, Failures: 1.
================ END =================
 
 
======  START test file 44.php  ======
PHPUnit 3.7.38 by Sebastian Bergmann.

F

Time: 62 ms, Memory: 2.75Mb

There was 1 failure:

1) NullTest::testFailure
Failed asserting that 'foo' is null.

/home/user10/public_html/php/task12/tests/44.php:6

FAILURES!
Tests: 1, Assertions: 1, Failures: 1.
================ END =================
 
 
======  START test file 45.php  ======
PHPUnit 3.7.38 by Sebastian Bergmann.

F

Time: 65 ms, Memory: 2.75Mb

There was 1 failure:

1) ObjectHasAttributeTest::testFailure
Failed asserting that object of class "stdClass" has attribute "foo".

/home/user10/public_html/php/task12/tests/45.php:6

FAILURES!
Tests: 1, Assertions: 1, Failures: 1.
================ END =================
 
 
======  START test file 46.php  ======
PHPUnit 3.7.38 by Sebastian Bergmann.

F

Time: 64 ms, Memory: 2.75Mb

There was 1 failure:

1) RegExpTest::testFailure
Failed asserting that 'bar' matches PCRE pattern "/foo/".

/home/user10/public_html/php/task12/tests/46.php:6

FAILURES!
Tests: 1, Assertions: 1, Failures: 1.
================ END =================
 
 
======  START test file 47.php  ======
PHPUnit 3.7.38 by Sebastian Bergmann.

F

Time: 63 ms, Memory: 3.00Mb

There was 1 failure:

1) StringMatchesFormatTest::testFailure
Failed asserting that format description matches text.
--- Expected
+++ Actual
@@ @@
-%i
+foo

/home/user10/public_html/php/task12/tests/47.php:6

FAILURES!
Tests: 1, Assertions: 1, Failures: 1.
================ END =================
 
 
======  START test file 48.php  ======
PHPUnit 3.7.38 by Sebastian Bergmann.

F

Time: 63 ms, Memory: 2.75Mb

There was 1 failure:

1) StringMatchesFormatFileTest::testFailure
Failed asserting that file "/path/to/expected.txt" exists.

/home/user10/public_html/php/task12/tests/48.php:6

FAILURES!
Tests: 1, Assertions: 1, Failures: 1.
================ END =================
 
 
======  START test file 49.php  ======
PHPUnit 3.7.38 by Sebastian Bergmann.

F

Time: 62 ms, Memory: 2.75Mb

There was 1 failure:

1) SameTest::testFailure
Failed asserting that 2204 is identical to '2204'.

/home/user10/public_html/php/task12/tests/49.php:6

FAILURES!
Tests: 1, Assertions: 1, Failures: 1.
================ END =================
 
 
======  START test file 50.php  ======
PHPUnit 3.7.38 by Sebastian Bergmann.

F

Time: 62 ms, Memory: 2.75Mb

There was 1 failure:

1) SameTest::testFailure
Failed asserting that two variables reference the same object.

/home/user10/public_html/php/task12/tests/50.php:6

FAILURES!
Tests: 1, Assertions: 1, Failures: 1.
================ END =================
 
 
======  START test file 51.php  ======
PHPUnit 3.7.38 by Sebastian Bergmann.

FFFF

Time: 75 ms, Memory: 3.50Mb

There were 4 failures:

1) SelectCountTest::testAbsenceFailure
Failed asserting that true is false.

/home/user10/public_html/php/task12/tests/51.php:12

2) SelectCountTest::testPresenceFailure
Failed asserting that false is true.

/home/user10/public_html/php/task12/tests/51.php:17

3) SelectCountTest::testExactCountFailure
Failed asserting that 3 matches expected 5.

/home/user10/public_html/php/task12/tests/51.php:22

4) SelectCountTest::testRangeFailure
Failed asserting that false is true.

/home/user10/public_html/php/task12/tests/51.php:27

FAILURES!
Tests: 4, Assertions: 4, Failures: 4.
================ END =================
 
 
======  START test file 52.php  ======
PHPUnit 3.7.38 by Sebastian Bergmann.

FFFF

Time: 76 ms, Memory: 3.25Mb

There were 4 failures:

1) SelectEqualsTest::testAbsenceFailure
Failed asserting that true is false.

/home/user10/public_html/php/task12/tests/52.php:12

2) SelectEqualsTest::testPresenceFailure
Failed asserting that false is true.

/home/user10/public_html/php/task12/tests/52.php:17

3) SelectEqualsTest::testExactCountFailure
Failed asserting that 2 matches expected 5.

/home/user10/public_html/php/task12/tests/52.php:22

4) SelectEqualsTest::testRangeFailure
Failed asserting that false is true.

/home/user10/public_html/php/task12/tests/52.php:27

FAILURES!
Tests: 4, Assertions: 4, Failures: 4.
================ END =================
 
 
======  START test file 53.php  ======
PHPUnit 3.7.38 by Sebastian Bergmann.

FFFF

Time: 76 ms, Memory: 3.50Mb

There were 4 failures:

1) SelectRegExpTest::testAbsenceFailure
Failed asserting that true is false.

/home/user10/public_html/php/task12/tests/53.php:12

2) SelectRegExpTest::testPresenceFailure
Failed asserting that false is true.

/home/user10/public_html/php/task12/tests/53.php:17

3) SelectRegExpTest::testExactCountFailure
Failed asserting that 2 matches expected 5.

/home/user10/public_html/php/task12/tests/53.php:22

4) SelectRegExpTest::testRangeFailure
Failed asserting that false is true.

/home/user10/public_html/php/task12/tests/53.php:27

FAILURES!
Tests: 4, Assertions: 4, Failures: 4.
================ END =================
 
 
======  START test file 54.php  ======
PHPUnit 3.7.38 by Sebastian Bergmann.

F

Time: 64 ms, Memory: 2.75Mb

There was 1 failure:

1) StringEndsWithTest::testFailure
Failed asserting that 'foo' ends with "suffix".

/home/user10/public_html/php/task12/tests/54.php:6

FAILURES!
Tests: 1, Assertions: 1, Failures: 1.
================ END =================
 
 
======  START test file 55.php  ======
PHPUnit 3.7.38 by Sebastian Bergmann.

F

Time: 63 ms, Memory: 2.75Mb

There was 1 failure:

1) StringEqualsFileTest::testFailure
Failed asserting that file "/home/sb/expected" exists.

/home/user10/public_html/php/task12/tests/55.php:6

FAILURES!
Tests: 1, Assertions: 1, Failures: 1.
================ END =================
 
 
======  START test file 56.php  ======
PHPUnit 3.7.38 by Sebastian Bergmann.

F

Time: 62 ms, Memory: 2.75Mb

There was 1 failure:

1) StringStartsWithTest::testFailure
Failed asserting that 'foo' starts with "prefix".

/home/user10/public_html/php/task12/tests/56.php:6

FAILURES!
Tests: 1, Assertions: 1, Failures: 1.
================ END =================
 
 
======  START test file 57.php  ======

Fatal error: Using $this when not in object context in /home/user10/public_html/php/task12/tests/57.php on line 78

Call Stack:
    0.0310     524496   1. {main}() /home/user10/public_html/php/task12/phpunit-3.7.phar:0
    0.0332     736664   2. PHPUnit_TextUI_Command::main() /home/user10/public_html/php/task12/phpunit-3.7.phar:619
    0.0332     737288   3. PHPUnit_TextUI_Command->run() phar:///home/user10/public_html/php/task12/phpunit-3.7.phar/phpunit/TextUI/Command.php:129
    0.0367     983768   4. PHPUnit_Runner_BaseTestRunner->getTest() phar:///home/user10/public_html/php/task12/phpunit-3.7.phar/phpunit/TextUI/Command.php:150
    0.0367     983840   5. PHPUnit_Runner_BaseTestRunner->loadSuiteClass() phar:///home/user10/public_html/php/task12/phpunit-3.7.phar/phpunit/Runner/BaseTestRunner.php:104
    0.0371    1007472   6. PHPUnit_Runner_StandardTestSuiteLoader->load() phar:///home/user10/public_html/php/task12/phpunit-3.7.phar/phpunit/Runner/BaseTestRunner.php:168
    0.0380    1093976   7. PHPUnit_Util_Fileloader::checkAndLoad() phar:///home/user10/public_html/php/task12/phpunit-3.7.phar/phpunit/Runner/StandardTestSuiteLoader.php:77
    0.0381    1094152   8. PHPUnit_Util_Fileloader::load() phar:///home/user10/public_html/php/task12/phpunit-3.7.phar/phpunit/Util/Fileloader.php:76
    0.0382    1102296   9. include_once('/home/user10/public_html/php/task12/tests/57.php') phar:///home/user10/public_html/php/task12/phpunit-3.7.phar/phpunit/Util/Fileloader.php:92
================ END =================
 
 
======  START test file 58.php  ======
PHPUnit 3.7.38 by Sebastian Bergmann.


Fatal error: Class 'Biscuit' not found in /home/user10/public_html/php/task12/tests/58.php on line 6

Call Stack:
    0.0306     524496   1. {main}() /home/user10/public_html/php/task12/phpunit-3.7.phar:0
    0.0327     736664   2. PHPUnit_TextUI_Command::main() /home/user10/public_html/php/task12/phpunit-3.7.phar:619
    0.0327     737288   3. PHPUnit_TextUI_Command->run() phar:///home/user10/public_html/php/task12/phpunit-3.7.phar/phpunit/TextUI/Command.php:129
    0.0535    2132368   4. PHPUnit_TextUI_TestRunner->doRun() phar:///home/user10/public_html/php/task12/phpunit-3.7.phar/phpunit/TextUI/Command.php:176
    0.0570    2423072   5. PHPUnit_Framework_TestSuite->run() phar:///home/user10/public_html/php/task12/phpunit-3.7.phar/phpunit/TextUI/TestRunner.php:350
    0.0571    2424208   6. PHPUnit_Framework_TestSuite->runTest() phar:///home/user10/public_html/php/task12/phpunit-3.7.phar/phpunit/Framework/TestSuite.php:749
    0.0571    2424888   7. PHPUnit_Framework_TestCase->run() phar:///home/user10/public_html/php/task12/phpunit-3.7.phar/phpunit/Framework/TestSuite.php:779
    0.0571    2426360   8. PHPUnit_Framework_TestResult->run() phar:///home/user10/public_html/php/task12/phpunit-3.7.phar/phpunit/Framework/TestCase.php:783
    0.0580    2484064   9. PHPUnit_Framework_TestCase->runBare() phar:///home/user10/public_html/php/task12/phpunit-3.7.phar/phpunit/Framework/TestResult.php:648
    0.0595    2604672  10. PHPUnit_Framework_TestCase->runTest() phar:///home/user10/public_html/php/task12/phpunit-3.7.phar/phpunit/Framework/TestCase.php:838
    0.0595    2605432  11. ReflectionMethod->invokeArgs() phar:///home/user10/public_html/php/task12/phpunit-3.7.phar/phpunit/Framework/TestCase.php:988
    0.0595    2605544  12. BiscuitTest->testEquals() phar:///home/user10/public_html/php/task12/phpunit-3.7.phar/phpunit/Framework/TestCase.php:988
================ END =================
 
 
======  START test file 59.php  ======
PHPUnit 3.7.38 by Sebastian Bergmann.

F

Time: 63 ms, Memory: 2.75Mb

There was 1 failure:

1) TrueTest::testFailure
Failed asserting that false is true.

/home/user10/public_html/php/task12/tests/59.php:6

FAILURES!
Tests: 1, Assertions: 1, Failures: 1.
================ END =================
 
 
======  START test file 60.php  ======
PHPUnit 3.7.38 by Sebastian Bergmann.

F

Time: 63 ms, Memory: 2.75Mb

There was 1 failure:

1) XmlFileEqualsXmlFileTest::testFailure
Failed asserting that file "/home/sb/expected.xml" exists.

/home/user10/public_html/php/task12/tests/60.php:7

FAILURES!
Tests: 1, Assertions: 1, Failures: 1.
================ END =================
 
 
======  START test file 61.php  ======
PHPUnit 3.7.38 by Sebastian Bergmann.

F

Time: 62 ms, Memory: 2.75Mb

There was 1 failure:

1) XmlStringEqualsXmlFileTest::testFailure
Failed asserting that file "/home/sb/expected.xml" exists.

/home/user10/public_html/php/task12/tests/61.php:7

FAILURES!
Tests: 1, Assertions: 1, Failures: 1.
================ END =================
 
 
======  START test file 62.php  ======
PHPUnit 3.7.38 by Sebastian Bergmann.

F

Time: 67 ms, Memory: 3.00Mb

There was 1 failure:

1) XmlStringEqualsXmlStringTest::testFailure
Failed asserting that two DOM documents are equal.
--- Expected
+++ Actual
@@ @@
 <?xml version="1.0"?>
 <foo>
-  <bar/>
+  <baz/>
 </foo>

/home/user10/public_html/php/task12/tests/62.php:7

FAILURES!
Tests: 1, Assertions: 1, Failures: 1.
================ END =================
 
 
======  START test file 63.php  ======
PHPUnit 3.7.38 by Sebastian Bergmann.

F

Time: 66 ms, Memory: 3.00Mb

There was 1 failure:

1) ArrayDiffTest::testEquality
Failed asserting that two arrays are equal.
--- Expected
+++ Actual
@@ @@
 Array (
     0 => 1
     1 => 2
-    2 => 3
+    2 => 33
     3 => 4
     4 => 5
     5 => 6
 )

/home/user10/public_html/php/task12/tests/63.php:8

FAILURES!
Tests: 1, Assertions: 1, Failures: 1.
================ END =================
 
 
======  START test file 64.php  ======
PHPUnit 3.7.38 by Sebastian Bergmann.

F

Time: 69 ms, Memory: 3.00Mb

There was 1 failure:

1) LongArrayDiffTest::testEquality
Failed asserting that two arrays are equal.
--- Expected
+++ Actual
@@ @@
     13 => 2
-    14 => 3
+    14 => 33
     15 => 4
     16 => 5
     17 => 6
 )

/home/user10/public_html/php/task12/tests/64.php:8

FAILURES!
Tests: 1, Assertions: 1, Failures: 1.
================ END =================
 
 
======  START test file 65.php  ======
PHPUnit 3.7.38 by Sebastian Bergmann.

F

Time: 68 ms, Memory: 3.00Mb

There was 1 failure:

1) ArrayWeakComparisonTest::testEquality
Failed asserting that two arrays are equal.
--- Expected
+++ Actual
@@ @@
 Array (
-    0 => 1
+    0 => '1'
     1 => 2
-    2 => 3
+    2 => 33
     3 => 4
     4 => 5
     5 => 6
 )

/home/user10/public_html/php/task12/tests/65.php:8

FAILURES!
Tests: 1, Assertions: 1, Failures: 1.
================ END =================
 
 
======  START test file ./tests/ArrayDiffTest.php  ======
 
PHPUnit 3.7.38 by Sebastian Bergmann.

F

Time: 120 ms, Memory: 4.00Mb

There was 1 failure:

1) ArrayDiffTest::testEquality
Failed asserting that two arrays are equal.
--- Expected
+++ Actual
@@ @@
 Array (
     0 => 1
     1 => 2
-    2 => 3
+    2 => 33
     3 => 4
     4 => 5
     5 => 6
 )

/Volumes/Work/Site/php/task12/tests/ArrayDiffTest.php:7

FAILURES!
Tests: 1, Assertions: 1, Failures: 1.
============= END test ==============
 
 
======  START test file ./tests/ArrayHasKeyTest.php  ======
PHPUnit 3.7.38 by Sebastian Bergmann.

F

Time: 60 ms, Memory: 4.00Mb

There was 1 failure:

1) ArrayHasKeyTest::testFailure
Failed asserting that an array has the key 'foo'.

/Volumes/Work/Site/php/task12/tests/ArrayHasKeyTest.php:6

FAILURES!
Tests: 1, Assertions: 1, Failures: 1.
============= END test ==============
 
 
======  START test file ./tests/ArrayWeakComparisonTest.php  ======
 
PHPUnit 3.7.38 by Sebastian Bergmann.

F

Time: 61 ms, Memory: 4.00Mb

There was 1 failure:

1) ArrayWeakComparisonTest::testEquality
Failed asserting that two arrays are equal.
--- Expected
+++ Actual
@@ @@
 Array (
-    0 => 1
+    0 => '1'
     1 => 2
-    2 => 3
+    2 => 33
     3 => 4
     4 => 5
     5 => 6
 )

/Volumes/Work/Site/php/task12/tests/ArrayWeakComparisonTest.php:7

FAILURES!
Tests: 1, Assertions: 1, Failures: 1.
============= END test ==============
 
 
======  START test file ./tests/AssertTagTest.php  ======
PHPUnit 3.7.38 by Sebastian Bergmann.

E

Time: 58 ms, Memory: 4.00Mb

There was 1 error:

1) AssertTagTest::testMatcher
Undefined variable: html

/Volumes/Work/Site/php/task12/tests/AssertTagTest.php:82

FAILURES!
Tests: 1, Assertions: 0, Errors: 1.
============= END test ==============
 
 
======  START test file ./tests/Bar.php  ======
PHPUnit 3.7.38 by Sebastian Bergmann.

Class './tests/Bar' could not be found in '/Volumes/Work/Site/php/task12/tests/Bar.php'.
============= END test ==============
 
 
======  START test file ./tests/Biscuit.php  ======
PHPUnit 3.7.38 by Sebastian Bergmann.

Class './tests/Biscuit' could not be found in '/Volumes/Work/Site/php/task12/tests/Biscuit.php'.
============= END test ==============
 
 
======  START test file ./tests/BiscuitTest.php  ======
 
PHPUnit 3.7.38 by Sebastian Bergmann.

F

Time: 59 ms, Memory: 4.00Mb

There was 1 failure:

1) BiscuitTest::testEquals
Failed asserting that Biscuit Object () is not equal to Biscuit Object ().

/Volumes/Work/Site/php/task12/tests/BiscuitTest.php:14

FAILURES!
Tests: 1, Assertions: 1, Failures: 1.
============= END test ==============
 
 
======  START test file ./tests/ClassHasAttributeTest.php  ======
 
PHPUnit 3.7.38 by Sebastian Bergmann.

F

Time: 59 ms, Memory: 4.00Mb

There was 1 failure:

1) ClassHasAttributeTest::testFailure
Failed asserting that class "stdClass" has attribute "foo".

/Volumes/Work/Site/php/task12/tests/ClassHasAttributeTest.php:6

FAILURES!
Tests: 1, Assertions: 1, Failures: 1.
============= END test ==============
 
 
======  START test file ./tests/ClassHasStaticAttributeTest.php  ======
 
PHPUnit 3.7.38 by Sebastian Bergmann.

F

Time: 60 ms, Memory: 4.00Mb

There was 1 failure:

1) ClassHasStaticAttributeTest::testFailure
Failed asserting that class "stdClass" has static attribute "foo".

/Volumes/Work/Site/php/task12/tests/ClassHasStaticAttributeTest.php:6

FAILURES!
Tests: 1, Assertions: 1, Failures: 1.
============= END test ==============
 
 
======  START test file ./tests/ContainsOnlyInstancesOfTest.php  ======
 
PHPUnit 3.7.38 by Sebastian Bergmann.

F

Time: 59 ms, Memory: 4.00Mb

There was 1 failure:

1) ContainsOnlyInstancesOfTest::testFailure
Failed asserting that Array (
    0 => Foo Object ()
    1 => Bar Object ()
    2 => Foo Object ()
) contains only values of type "Foo".

/Volumes/Work/Site/php/task12/tests/ContainsOnlyInstancesOfTest.php:9

FAILURES!
Tests: 1, Assertions: 1, Failures: 1.
============= END test ==============
 
 
======  START test file ./tests/ContainsOnlyTest.php  ======
 
PHPUnit 3.7.38 by Sebastian Bergmann.

F

Time: 57 ms, Memory: 4.00Mb

There was 1 failure:

1) ContainsOnlyTest::testFailure
Failed asserting that Array (
    0 => '1'
    1 => '2'
    2 => 3
) contains only values of type "string".

/Volumes/Work/Site/php/task12/tests/ContainsOnlyTest.php:6

FAILURES!
Tests: 1, Assertions: 1, Failures: 1.
============= END test ==============
 
 
======  START test file ./tests/ContainsTest.php  ======
 
PHPUnit 3.7.38 by Sebastian Bergmann.

F

Time: 59 ms, Memory: 4.00Mb

There was 1 failure:

1) ContainsTest::testFailure
Failed asserting that an array contains 4.

/Volumes/Work/Site/php/task12/tests/ContainsTest.php:6

FAILURES!
Tests: 1, Assertions: 1, Failures: 1.
============= END test ==============
 
 
======  START test file ./tests/ContainsTest2.php  ======
PHPUnit 3.7.38 by Sebastian Bergmann.

F

Time: 55 ms, Memory: 4.00Mb

There was 1 failure:

1) ContainsTest2::testFailure
Failed asserting that 'foobar' contains "baz".

/Volumes/Work/Site/php/task12/tests/ContainsTest2.php:6

FAILURES!
Tests: 1, Assertions: 1, Failures: 1.
============= END test ==============
 
 
======  START test file ./tests/ContainsTest3.php  ======
 
PHPUnit 3.7.38 by Sebastian Bergmann.

F.

Time: 57 ms, Memory: 4.00Mb

There was 1 failure:

1) ContainsTest3::testFailure
Failed asserting that 'FooBar' contains "foo".

/Volumes/Work/Site/php/task12/tests/ContainsTest3.php:6

FAILURES!
Tests: 2, Assertions: 2, Failures: 1.
============= END test ==============
 
 
======  START test file ./tests/CountTest.php  ======
 
PHPUnit 3.7.38 by Sebastian Bergmann.

F

Time: 56 ms, Memory: 4.00Mb

There was 1 failure:

1) CountTest::testFailure
Failed asserting that actual size 1 matches expected size 0.

/Volumes/Work/Site/php/task12/tests/CountTest.php:6

FAILURES!
Tests: 1, Assertions: 1, Failures: 1.
============= END test ==============
 
 
======  START test file ./tests/CsvFileIterator.php  ======

PHPUnit 3.7.38 by Sebastian Bergmann.

Class './tests/CsvFileIterator' could not be found in '/Volumes/Work/Site/php/task12/tests/CsvFileIterator.php'.
============= END test ==============
 
 
======  START test file ./tests/DataTest.php  ======
PHPUnit 3.7.38 by Sebastian Bergmann.

...F

Time: 63 ms, Memory: 4.00Mb

There was 1 failure:

1) DataTest::testAdd with data set #3 (1, 1, 3)
Failed asserting that 2 matches expected 3.

/Volumes/Work/Site/php/task12/tests/DataTest.php:9

FAILURES!
Tests: 4, Assertions: 4, Failures: 1.
============= END test ==============
 
 
======  START test file ./tests/DataTest1.php  ======
======  START test file ./tests/ArrayDiffTest.php  ======
 
PHPUnit 3.7.38 by Sebastian Bergmann.

F

Time: 112 ms, Memory: 4.00Mb

There was 1 failure:

1) ArrayDiffTest::testEquality
Failed asserting that two arrays are equal.
--- Expected
+++ Actual
@@ @@
 Array (
     0 => 1
     1 => 2
-    2 => 3
+    2 => 33
     3 => 4
     4 => 5
     5 => 6
 )

/Volumes/Work/Site/php/task12/tests/ArrayDiffTest.php:7

FAILURES!
Tests: 1, Assertions: 1, Failures: 1.
============= END test ==============
 
 
======  START test file ./tests/ArrayHasKeyTest.php  ======
PHPUnit 3.7.38 by Sebastian Bergmann.

F

Time: 59 ms, Memory: 4.00Mb

There was 1 failure:

1) ArrayHasKeyTest::testFailure
Failed asserting that an array has the key 'foo'.

/Volumes/Work/Site/php/task12/tests/ArrayHasKeyTest.php:6

FAILURES!
Tests: 1, Assertions: 1, Failures: 1.
============= END test ==============
 
 
======  START test file ./tests/ArrayWeakComparisonTest.php  ======
 
PHPUnit 3.7.38 by Sebastian Bergmann.

F

Time: 61 ms, Memory: 4.00Mb

There was 1 failure:

1) ArrayWeakComparisonTest::testEquality
Failed asserting that two arrays are equal.
--- Expected
+++ Actual
@@ @@
 Array (
-    0 => 1
+    0 => '1'
     1 => 2
-    2 => 3
+    2 => 33
     3 => 4
     4 => 5
     5 => 6
 )

/Volumes/Work/Site/php/task12/tests/ArrayWeakComparisonTest.php:7

FAILURES!
Tests: 1, Assertions: 1, Failures: 1.
============= END test ==============
 
 
======  START test file ./tests/AssertTagTest.php  ======
PHPUnit 3.7.38 by Sebastian Bergmann.

E

Time: 56 ms, Memory: 4.00Mb

There was 1 error:

1) AssertTagTest::testMatcher
Undefined variable: html

/Volumes/Work/Site/php/task12/tests/AssertTagTest.php:82

FAILURES!
Tests: 1, Assertions: 0, Errors: 1.
============= END test ==============
 
 
======  START test file ./tests/Bar.php  ======
PHPUnit 3.7.38 by Sebastian Bergmann.

Class './tests/Bar' could not be found in '/Volumes/Work/Site/php/task12/tests/Bar.php'.
============= END test ==============
 
 
======  START test file ./tests/Biscuit.php  ======
PHPUnit 3.7.38 by Sebastian Bergmann.

Class './tests/Biscuit' could not be found in '/Volumes/Work/Site/php/task12/tests/Biscuit.php'.
============= END test ==============
 
 
======  START test file ./tests/BiscuitTest.php  ======
 
PHPUnit 3.7.38 by Sebastian Bergmann.

F

Time: 62 ms, Memory: 4.00Mb

There was 1 failure:

1) BiscuitTest::testEquals
Failed asserting that Biscuit Object () is not equal to Biscuit Object ().

/Volumes/Work/Site/php/task12/tests/BiscuitTest.php:14

FAILURES!
Tests: 1, Assertions: 1, Failures: 1.
============= END test ==============
 
 
======  START test file ./tests/ClassHasAttributeTest.php  ======
 
PHPUnit 3.7.38 by Sebastian Bergmann.

F

Time: 59 ms, Memory: 4.00Mb

There was 1 failure:

1) ClassHasAttributeTest::testFailure
Failed asserting that class "stdClass" has attribute "foo".

/Volumes/Work/Site/php/task12/tests/ClassHasAttributeTest.php:6

FAILURES!
Tests: 1, Assertions: 1, Failures: 1.
============= END test ==============
 
 
======  START test file ./tests/ClassHasStaticAttributeTest.php  ======
 
PHPUnit 3.7.38 by Sebastian Bergmann.

F

Time: 62 ms, Memory: 4.00Mb

There was 1 failure:

1) ClassHasStaticAttributeTest::testFailure
Failed asserting that class "stdClass" has static attribute "foo".

/Volumes/Work/Site/php/task12/tests/ClassHasStaticAttributeTest.php:6

FAILURES!
Tests: 1, Assertions: 1, Failures: 1.
============= END test ==============
 
 
======  START test file ./tests/ContainsOnlyInstancesOfTest.php  ======
 
PHPUnit 3.7.38 by Sebastian Bergmann.

F

Time: 58 ms, Memory: 4.00Mb

There was 1 failure:

1) ContainsOnlyInstancesOfTest::testFailure
Failed asserting that Array (
    0 => Foo Object ()
    1 => Bar Object ()
    2 => Foo Object ()
) contains only values of type "Foo".

/Volumes/Work/Site/php/task12/tests/ContainsOnlyInstancesOfTest.php:9

FAILURES!
Tests: 1, Assertions: 1, Failures: 1.
============= END test ==============
 
 
======  START test file ./tests/ContainsOnlyTest.php  ======
 
PHPUnit 3.7.38 by Sebastian Bergmann.

F

Time: 59 ms, Memory: 4.00Mb

There was 1 failure:

1) ContainsOnlyTest::testFailure
Failed asserting that Array (
    0 => '1'
    1 => '2'
    2 => 3
) contains only values of type "string".

/Volumes/Work/Site/php/task12/tests/ContainsOnlyTest.php:6

FAILURES!
Tests: 1, Assertions: 1, Failures: 1.
============= END test ==============
 
 
======  START test file ./tests/ContainsTest.php  ======
 
PHPUnit 3.7.38 by Sebastian Bergmann.

F

Time: 57 ms, Memory: 4.00Mb

There was 1 failure:

1) ContainsTest::testFailure
Failed asserting that an array contains 4.

/Volumes/Work/Site/php/task12/tests/ContainsTest.php:6

FAILURES!
Tests: 1, Assertions: 1, Failures: 1.
============= END test ==============
 
 
======  START test file ./tests/ContainsTest2.php  ======
PHPUnit 3.7.38 by Sebastian Bergmann.

F

Time: 55 ms, Memory: 4.00Mb

There was 1 failure:

1) ContainsTest2::testFailure
Failed asserting that 'foobar' contains "baz".

/Volumes/Work/Site/php/task12/tests/ContainsTest2.php:6

FAILURES!
Tests: 1, Assertions: 1, Failures: 1.
============= END test ==============
 
 
======  START test file ./tests/ContainsTest3.php  ======
 
PHPUnit 3.7.38 by Sebastian Bergmann.

F.

Time: 57 ms, Memory: 4.00Mb

There was 1 failure:

1) ContainsTest3::testFailure
Failed asserting that 'FooBar' contains "foo".

/Volumes/Work/Site/php/task12/tests/ContainsTest3.php:6

FAILURES!
Tests: 2, Assertions: 2, Failures: 1.
============= END test ==============
 
 
======  START test file ./tests/CountTest.php  ======
 
PHPUnit 3.7.38 by Sebastian Bergmann.

F

Time: 55 ms, Memory: 4.00Mb

There was 1 failure:

1) CountTest::testFailure
Failed asserting that actual size 1 matches expected size 0.

/Volumes/Work/Site/php/task12/tests/CountTest.php:6

FAILURES!
Tests: 1, Assertions: 1, Failures: 1.
============= END test ==============
 
 
======  START test file ./tests/CsvFileIterator.php  ======

PHPUnit 3.7.38 by Sebastian Bergmann.

Class './tests/CsvFileIterator' could not be found in '/Volumes/Work/Site/php/task12/tests/CsvFileIterator.php'.
============= END test ==============
 
 
======  START test file ./tests/DataTest.php  ======
PHPUnit 3.7.38 by Sebastian Bergmann.

...F

Time: 67 ms, Memory: 4.00Mb

There was 1 failure:

1) DataTest::testAdd with data set #3 (1, 1, 3)
Failed asserting that 2 matches expected 3.

/Volumes/Work/Site/php/task12/tests/DataTest.php:9

FAILURES!
Tests: 4, Assertions: 4, Failures: 1.
============= END test ==============
 
 
======  START test file ./tests/DataTest1.php  ======
======  START test file ./tests/ArrayDiffTest.php  ======
 
PHPUnit 3.7.38 by Sebastian Bergmann.

F

Time: 61 ms, Memory: 4.00Mb

There was 1 failure:

1) ArrayDiffTest::testEquality
Failed asserting that two arrays are equal.
--- Expected
+++ Actual
@@ @@
 Array (
     0 => 1
     1 => 2
-    2 => 3
+    2 => 33
     3 => 4
     4 => 5
     5 => 6
 )

/Volumes/Work/Site/php/task12/tests/ArrayDiffTest.php:7

FAILURES!
Tests: 1, Assertions: 1, Failures: 1.
============= END test ==============
 
 
======  START test file ./tests/ArrayHasKeyTest.php  ======
PHPUnit 3.7.38 by Sebastian Bergmann.

F

Time: 61 ms, Memory: 4.00Mb

There was 1 failure:

1) ArrayHasKeyTest::testFailure
Failed asserting that an array has the key 'foo'.

/Volumes/Work/Site/php/task12/tests/ArrayHasKeyTest.php:6

FAILURES!
Tests: 1, Assertions: 1, Failures: 1.
============= END test ==============
 
 
======  START test file ./tests/ArrayWeakComparisonTest.php  ======
 
PHPUnit 3.7.38 by Sebastian Bergmann.

F

Time: 66 ms, Memory: 4.00Mb

There was 1 failure:

1) ArrayWeakComparisonTest::testEquality
Failed asserting that two arrays are equal.
--- Expected
+++ Actual
@@ @@
 Array (
-    0 => 1
+    0 => '1'
     1 => 2
-    2 => 3
+    2 => 33
     3 => 4
     4 => 5
     5 => 6
 )

/Volumes/Work/Site/php/task12/tests/ArrayWeakComparisonTest.php:7

FAILURES!
Tests: 1, Assertions: 1, Failures: 1.
============= END test ==============
 
 
======  START test file ./tests/AssertTagTest.php  ======
PHPUnit 3.7.38 by Sebastian Bergmann.

E

Time: 60 ms, Memory: 4.00Mb

There was 1 error:

1) AssertTagTest::testMatcher
Undefined variable: html

/Volumes/Work/Site/php/task12/tests/AssertTagTest.php:82

FAILURES!
Tests: 1, Assertions: 0, Errors: 1.
============= END test ==============
 
 
======  START test file ./tests/Bar.php  ======
PHPUnit 3.7.38 by Sebastian Bergmann.

Class './tests/Bar' could not be found in '/Volumes/Work/Site/php/task12/tests/Bar.php'.
============= END test ==============
 
 
======  START test file ./tests/Biscuit.php  ======
PHPUnit 3.7.38 by Sebastian Bergmann.

Class './tests/Biscuit' could not be found in '/Volumes/Work/Site/php/task12/tests/Biscuit.php'.
============= END test ==============
 
 
======  START test file ./tests/BiscuitTest.php  ======
 
PHPUnit 3.7.38 by Sebastian Bergmann.

F

Time: 63 ms, Memory: 4.00Mb

There was 1 failure:

1) BiscuitTest::testEquals
Failed asserting that Biscuit Object () is not equal to Biscuit Object ().

/Volumes/Work/Site/php/task12/tests/BiscuitTest.php:14

FAILURES!
Tests: 1, Assertions: 1, Failures: 1.
============= END test ==============
 
 
======  START test file ./tests/ClassHasAttributeTest.php  ======
 
PHPUnit 3.7.38 by Sebastian Bergmann.

F

Time: 64 ms, Memory: 4.00Mb

There was 1 failure:

1) ClassHasAttributeTest::testFailure
Failed asserting that class "stdClass" has attribute "foo".

/Volumes/Work/Site/php/task12/tests/ClassHasAttributeTest.php:6

FAILURES!
Tests: 1, Assertions: 1, Failures: 1.
============= END test ==============
 
 
======  START test file ./tests/ClassHasStaticAttributeTest.php  ======
 
PHPUnit 3.7.38 by Sebastian Bergmann.

F

Time: 63 ms, Memory: 4.00Mb

There was 1 failure:

1) ClassHasStaticAttributeTest::testFailure
Failed asserting that class "stdClass" has static attribute "foo".

/Volumes/Work/Site/php/task12/tests/ClassHasStaticAttributeTest.php:6

FAILURES!
Tests: 1, Assertions: 1, Failures: 1.
============= END test ==============
 
 
======  START test file ./tests/ContainsOnlyInstancesOfTest.php  ======
 
PHPUnit 3.7.38 by Sebastian Bergmann.

F

Time: 58 ms, Memory: 4.00Mb

There was 1 failure:

1) ContainsOnlyInstancesOfTest::testFailure
Failed asserting that Array (
    0 => Foo Object ()
    1 => Bar Object ()
    2 => Foo Object ()
) contains only values of type "Foo".

/Volumes/Work/Site/php/task12/tests/ContainsOnlyInstancesOfTest.php:9

FAILURES!
Tests: 1, Assertions: 1, Failures: 1.
============= END test ==============
 
 
======  START test file ./tests/ContainsOnlyTest.php  ======
 
PHPUnit 3.7.38 by Sebastian Bergmann.

F

Time: 60 ms, Memory: 4.00Mb

There was 1 failure:

1) ContainsOnlyTest::testFailure
Failed asserting that Array (
    0 => '1'
    1 => '2'
    2 => 3
) contains only values of type "string".

/Volumes/Work/Site/php/task12/tests/ContainsOnlyTest.php:6

FAILURES!
Tests: 1, Assertions: 1, Failures: 1.
============= END test ==============
 
 
======  START test file ./tests/ContainsTest.php  ======
 
PHPUnit 3.7.38 by Sebastian Bergmann.

F

Time: 58 ms, Memory: 4.00Mb

There was 1 failure:

1) ContainsTest::testFailure
Failed asserting that an array contains 4.

/Volumes/Work/Site/php/task12/tests/ContainsTest.php:6

FAILURES!
Tests: 1, Assertions: 1, Failures: 1.
============= END test ==============
 
 
======  START test file ./tests/ContainsTest2.php  ======
PHPUnit 3.7.38 by Sebastian Bergmann.

F

Time: 60 ms, Memory: 4.00Mb

There was 1 failure:

1) ContainsTest2::testFailure
Failed asserting that 'foobar' contains "baz".

/Volumes/Work/Site/php/task12/tests/ContainsTest2.php:6

FAILURES!
Tests: 1, Assertions: 1, Failures: 1.
============= END test ==============
 
 
======  START test file ./tests/ContainsTest3.php  ======
 
PHPUnit 3.7.38 by Sebastian Bergmann.

F.

Time: 59 ms, Memory: 4.00Mb

There was 1 failure:

1) ContainsTest3::testFailure
Failed asserting that 'FooBar' contains "foo".

/Volumes/Work/Site/php/task12/tests/ContainsTest3.php:6

FAILURES!
Tests: 2, Assertions: 2, Failures: 1.
============= END test ==============
 
 
======  START test file ./tests/CountTest.php  ======
 
PHPUnit 3.7.38 by Sebastian Bergmann.

F

Time: 57 ms, Memory: 4.00Mb

There was 1 failure:

1) CountTest::testFailure
Failed asserting that actual size 1 matches expected size 0.

/Volumes/Work/Site/php/task12/tests/CountTest.php:6

FAILURES!
Tests: 1, Assertions: 1, Failures: 1.
============= END test ==============
 
 
======  START test file ./tests/CsvFileIterator.php  ======

PHPUnit 3.7.38 by Sebastian Bergmann.

Class './tests/CsvFileIterator' could not be found in '/Volumes/Work/Site/php/task12/tests/CsvFileIterator.php'.
============= END test ==============
 
 
======  START test file ./tests/DataTest.php  ======
PHPUnit 3.7.38 by Sebastian Bergmann.

...F

Time: 71 ms, Memory: 4.00Mb

There was 1 failure:

1) DataTest::testAdd with data set #3 (1, 1, 3)
Failed asserting that 2 matches expected 3.

/Volumes/Work/Site/php/task12/tests/DataTest.php:9

FAILURES!
Tests: 4, Assertions: 4, Failures: 1.
============= END test ==============
 
 
======  START test file ./tests/DataTest1.php  ======
